Release 14.7 - xst P.20131013 (lin64)
Copyright (c) 1995-2013 Xilinx, Inc.  All rights reserved.
--> 

TABLE OF CONTENTS
  1) Synthesis Options Summary
  2) HDL Parsing
  3) HDL Elaboration
  4) HDL Synthesis
       4.1) HDL Synthesis Report
  5) Advanced HDL Synthesis
       5.1) Advanced HDL Synthesis Report
  6) Low Level Synthesis
  7) Partition Report
  8) Design Summary
       8.1) Primitive and Black Box Usage
       8.2) Device utilization summary
       8.3) Partition Resource Summary
       8.4) Timing Report
            8.4.1) Clock Information
            8.4.2) Asynchronous Control Signals Information
            8.4.3) Timing Summary
            8.4.4) Timing Details
            8.4.5) Cross Clock Domains Report


=========================================================================
*                      Synthesis Options Summary                        *
=========================================================================
---- Source Parameters
Input File Name                    : "project.src"
Input Format                       : mixed

---- Target Parameters
Target Device                      : xc7a100t-3csg324
Output File Name                   : "project.ngc"
Output Format                      : NGC

---- Source Options
Top Module Name                    : a_igual_b

---- General Options
Optimization Goal                  : Area
Optimization Effort                : 1
RTL Output                         : yes

=========================================================================


=========================================================================
*                          HDL Parsing                                  *
=========================================================================
Analyzing Verilog file "/home/sebas/Documentos/git_workspace/Proto_Procesador/a_igual_b/a_igual_b.v" into library work
Parsing module <a_igual_b>.

=========================================================================
*                            HDL Elaboration                            *
=========================================================================

Elaborating module <a_igual_b>.

=========================================================================
*                           HDL Synthesis                               *
=========================================================================

Synthesizing Unit <a_igual_b>.
    Related source file is "/home/sebas/Documentos/git_workspace/Proto_Procesador/a_igual_b/a_igual_b.v".
        inputsize = 4
WARNING:Xst:737 - Found 1-bit latch for signal <ab_out>. Latches may be generated from incomplete case or if statements. We do not recommend the use of latches in FPGA/CPLD designs, as they may lead to timing problems.
    Found 4-bit comparator equal for signal <A[0]_B[0]_equal_1_o> created at line 16
    Summary:
	inferred   1 Latch(s).
	inferred   1 Comparator(s).
Unit <a_igual_b> synthesized.

=========================================================================
HDL Synthesis Report

Macro Statistics
# Latches                                              : 1
 1-bit latch                                           : 1
# Comparators                                          : 1
 4-bit comparator equal                                : 1

=========================================================================

=========================================================================
*                       Advanced HDL Synthesis                          *
=========================================================================


=========================================================================
Advanced HDL Synthesis Report

Macro Statistics
# Comparators                                          : 1
 4-bit comparator equal                                : 1

=========================================================================

=========================================================================
*                         Low Level Synthesis                           *
=========================================================================

Optimizing unit <a_igual_b> ...

Mapping all equations...
Building and optimizing final netlist ...
Found area constraint ratio of 100 (+ 0) on block a_igual_b, actual ratio is 0.

Final Macro Processing ...

=========================================================================
Final Register Report

Found no macro
=========================================================================

=========================================================================
*                           Partition Report                            *
=========================================================================

Partition Implementation Status
-------------------------------

  No Partitions were found in this design.

-------------------------------

=========================================================================
*                            Design Summary                             *
=========================================================================

Top Level Output File Name         : project.ngc

Primitive and Black Box Usage:
------------------------------
# BELS                             : 2
#      LUT4                        : 1
#      LUT5                        : 1
# FlipFlops/Latches                : 1
#      LD                          : 1
# Clock Buffers                    : 1
#      BUFG                        : 1
# IO Buffers                       : 11
#      IBUF                        : 9
#      OBUF                        : 2

Device utilization summary:
---------------------------

Selected Device : 7a100tcsg324-3 


Slice Logic Utilization: 
 Number of Slice LUTs:                    2  out of  63400     0%  
    Number used as Logic:                 2  out of  63400     0%  

Slice Logic Distribution: 
 Number of LUT Flip Flop pairs used:      2
   Number with an unused Flip Flop:       2  out of      2   100%  
   Number with an unused LUT:             0  out of      2     0%  
   Number of fully used LUT-FF pairs:     0  out of      2     0%  
   Number of unique control sets:         1

IO Utilization: 
 Number of IOs:                          11
 Number of bonded IOBs:                  11  out of    210     5%  
    IOB Flip Flops/Latches:               1

Specific Feature Utilization:
 Number of BUFG/BUFGCTRLs:                1  out of     32     3%  

---------------------------
Partition Resource Summary:
---------------------------

  No Partitions were found in this design.

---------------------------


=========================================================================
Timing Report

NOTE: THESE TIMING NUMBERS ARE ONLY A SYNTHESIS ESTIMATE.
      FOR ACCURATE TIMING INFORMATION PLEASE REFER TO THE TRACE REPORT
      GENERATED AFTER PLACE-and-ROUTE.

Clock Information:
------------------
-----------------------------------+------------------------+-------+
Clock Signal                       | Clock buffer(FF name)  | Load  |
-----------------------------------+------------------------+-------+
enable                             | IBUF+BUFG              | 1     |
-----------------------------------+------------------------+-------+

Asynchronous Control Signals Information:
----------------------------------------
No asynchronous control signals found in this design

Timing Summary:
---------------
Speed Grade: -3

   Minimum period: No path found
   Minimum input arrival time before clock: 1.435ns
   Maximum output required time after clock: 0.751ns
   Maximum combinational path delay: 0.280ns

Timing Details:
---------------
All values displayed in nanoseconds (ns)

=========================================================================
Timing constraint: Default OFFSET IN BEFORE for Clock 'enable'
  Total number of paths / destination ports: 8 / 1
-------------------------------------------------------------------------
Offset:              1.435ns (Levels of Logic = 3)
  Source:            A<0> (PAD)
  Destination:       ab_out (LATCH)
  Destination Clock: enable falling

  Data Path: A<0> to ab_out
                                Gate     Net
    Cell:in->out      fanout   Delay   Delay  Logical Name (Net Name)
    ----------------------------------------  ------------
     IBUF:I->O             1   0.001   0.556  A_0_IBUF (A_0_IBUF)
     LUT4:I0->O            1   0.097   0.683  A[0]_B[0]_equal_1_o4_SW0 (N2)
     LUT5:I0->O            1   0.097   0.000  A[0]_B[0]_equal_1_o4 (A[0]_B[0]_equal_1_o)
     LD:D                     -0.028          ab_out
    ----------------------------------------
    Total                      1.435ns (0.195ns logic, 1.240ns route)
                                       (13.6% logic, 86.4% route)

=========================================================================
Timing constraint: Default OFFSET OUT AFTER for Clock 'enable'
  Total number of paths / destination ports: 1 / 1
-------------------------------------------------------------------------
Offset:              0.751ns (Levels of Logic = 1)
  Source:            ab_out (LATCH)
  Destination:       ab_out (PAD)
  Source Clock:      enable falling

  Data Path: ab_out to ab_out
                                Gate     Net
    Cell:in->out      fanout   Delay   Delay  Logical Name (Net Name)
    ----------------------------------------  ------------
     LD:G->Q               1   0.472   0.279  ab_out (ab_out_OBUF)
     OBUF:I->O                 0.000          ab_out_OBUF (ab_out)
    ----------------------------------------
    Total                      0.751ns (0.472ns logic, 0.279ns route)
                                       (62.8% logic, 37.2% route)

=========================================================================
Timing constraint: Default path analysis
  Total number of paths / destination ports: 1 / 1
-------------------------------------------------------------------------
Delay:               0.280ns (Levels of Logic = 2)
  Source:            enable (PAD)
  Destination:       done (PAD)

  Data Path: enable to done
                                Gate     Net
    Cell:in->out      fanout   Delay   Delay  Logical Name (Net Name)
    ----------------------------------------  ------------
     IBUF:I->O             1   0.001   0.279  enable_IBUF (done_OBUF)
     OBUF:I->O                 0.000          done_OBUF (done)
    ----------------------------------------
    Total                      0.280ns (0.001ns logic, 0.279ns route)
                                       (0.4% logic, 99.6% route)

=========================================================================

Cross Clock Domains Report:
--------------------------

=========================================================================


Total REAL time to Xst completion: 63.00 secs
Total CPU time to Xst completion: 56.15 secs
 
--> 


Total memory usage is 501328 kilobytes

Number of errors   :    0 (   0 filtered)
Number of warnings :    1 (   0 filtered)
Number of infos    :    0 (   0 filtered)

