Release 14.7 - xst P.20131013 (lin64)
Copyright (c) 1995-2013 Xilinx, Inc.  All rights reserved.
--> 

TABLE OF CONTENTS
  1) Synthesis Options Summary
  2) HDL Parsing
  3) HDL Elaboration
  4) HDL Synthesis
       4.1) HDL Synthesis Report
  5) Advanced HDL Synthesis
       5.1) Advanced HDL Synthesis Report
  6) Low Level Synthesis
  7) Partition Report
  8) Design Summary
       8.1) Primitive and Black Box Usage
       8.2) Device utilization summary
       8.3) Partition Resource Summary
       8.4) Timing Report
            8.4.1) Clock Information
            8.4.2) Asynchronous Control Signals Information
            8.4.3) Timing Summary
            8.4.4) Timing Details
            8.4.5) Cross Clock Domains Report


=========================================================================
*                      Synthesis Options Summary                        *
=========================================================================
---- Source Parameters
Input File Name                    : "project.src"
Input Format                       : mixed

---- Target Parameters
Target Device                      : xc7a100t-3csg324
Output File Name                   : "project.ngc"
Output Format                      : NGC

---- Source Options
Top Module Name                    : hardware

---- General Options
Optimization Goal                  : Area
Optimization Effort                : 1
RTL Output                         : yes

=========================================================================


=========================================================================
*                          HDL Parsing                                  *
=========================================================================
Analyzing Verilog file "/home/sebas/Documentos/git_workspace/Proto_Procesador/parcial/hardware/hardware.v" into library work
Parsing module <hardware>.

=========================================================================
*                            HDL Elaboration                            *
=========================================================================

Elaborating module <hardware>.

=========================================================================
*                           HDL Synthesis                               *
=========================================================================

Synthesizing Unit <hardware>.
    Related source file is "/home/sebas/Documentos/git_workspace/Proto_Procesador/parcial/hardware/hardware.v".
        DATASIZE = 8
WARNING:Xst:647 - Input <main_enable> is never used. This port will be preserved and left unconnected if it belongs to a top-level block or it belongs to a sub-block and the hierarchy of this sub-block is preserved.
    Found 8-bit register for signal <to_reg>.
    Found 8-bit adder for signal <regA[7]_regB[7]_add_3_OUT> created at line 31.
    Summary:
	inferred   1 Adder/Subtractor(s).
	inferred   8 D-type flip-flop(s).
	inferred   1 Multiplexer(s).
Unit <hardware> synthesized.

=========================================================================
HDL Synthesis Report

Macro Statistics
# Adders/Subtractors                                   : 1
 8-bit adder                                           : 1
# Registers                                            : 1
 8-bit register                                        : 1
# Multiplexers                                         : 1
 8-bit 2-to-1 multiplexer                              : 1

=========================================================================

=========================================================================
*                       Advanced HDL Synthesis                          *
=========================================================================


=========================================================================
Advanced HDL Synthesis Report

Macro Statistics
# Adders/Subtractors                                   : 1
 8-bit adder                                           : 1
# Registers                                            : 8
 Flip-Flops                                            : 8
# Multiplexers                                         : 1
 8-bit 2-to-1 multiplexer                              : 1

=========================================================================

=========================================================================
*                         Low Level Synthesis                           *
=========================================================================

Optimizing unit <hardware> ...

Mapping all equations...
Building and optimizing final netlist ...
Found area constraint ratio of 100 (+ 0) on block hardware, actual ratio is 0.

Final Macro Processing ...

=========================================================================
Final Register Report

Macro Statistics
# Registers                                            : 8
 Flip-Flops                                            : 8

=========================================================================

=========================================================================
*                           Partition Report                            *
=========================================================================

Partition Implementation Status
-------------------------------

  No Partitions were found in this design.

-------------------------------

=========================================================================
*                            Design Summary                             *
=========================================================================

Top Level Output File Name         : project.ngc

Primitive and Black Box Usage:
------------------------------
# BELS                             : 33
#      GND                         : 1
#      LUT2                        : 8
#      LUT3                        : 1
#      LUT4                        : 3
#      LUT5                        : 5
#      MUXCY                       : 7
#      XORCY                       : 8
# FlipFlops/Latches                : 8
#      FDE                         : 8
# Clock Buffers                    : 1
#      BUFGP                       : 1
# IO Buffers                       : 32
#      IBUF                        : 24
#      OBUF                        : 8

Device utilization summary:
---------------------------

Selected Device : 7a100tcsg324-3 


Slice Logic Utilization: 
 Number of Slice LUTs:                   17  out of  63400     0%  
    Number used as Logic:                17  out of  63400     0%  

Slice Logic Distribution: 
 Number of LUT Flip Flop pairs used:     17
   Number with an unused Flip Flop:      17  out of     17   100%  
   Number with an unused LUT:             0  out of     17     0%  
   Number of fully used LUT-FF pairs:     0  out of     17     0%  
   Number of unique control sets:         1

IO Utilization: 
 Number of IOs:                          42
 Number of bonded IOBs:                  33  out of    210    15%  
    IOB Flip Flops/Latches:               8

Specific Feature Utilization:
 Number of BUFG/BUFGCTRLs:                1  out of     32     3%  

---------------------------
Partition Resource Summary:
---------------------------

  No Partitions were found in this design.

---------------------------


=========================================================================
Timing Report

NOTE: THESE TIMING NUMBERS ARE ONLY A SYNTHESIS ESTIMATE.
      FOR ACCURATE TIMING INFORMATION PLEASE REFER TO THE TRACE REPORT
      GENERATED AFTER PLACE-and-ROUTE.

Clock Information:
------------------
-----------------------------------+------------------------+-------+
Clock Signal                       | Clock buffer(FF name)  | Load  |
-----------------------------------+------------------------+-------+
clk                                | BUFGP                  | 8     |
-----------------------------------+------------------------+-------+

Asynchronous Control Signals Information:
----------------------------------------
No asynchronous control signals found in this design

Timing Summary:
---------------
Speed Grade: -3

   Minimum period: No path found
   Minimum input arrival time before clock: 2.058ns
   Maximum output required time after clock: 0.640ns
   Maximum combinational path delay: No path found

Timing Details:
---------------
All values displayed in nanoseconds (ns)

=========================================================================
Timing constraint: Default OFFSET IN BEFORE for Clock 'clk'
  Total number of paths / destination ports: 153 / 16
-------------------------------------------------------------------------
Offset:              2.058ns (Levels of Logic = 8)
  Source:            regA<0> (PAD)
  Destination:       to_reg_4 (FF)
  Destination Clock: clk rising

  Data Path: regA<0> to to_reg_4
                                Gate     Net
    Cell:in->out      fanout   Delay   Delay  Logical Name (Net Name)
    ----------------------------------------  ------------
     IBUF:I->O             1   0.001   0.379  regA_0_IBUF (regA_0_IBUF)
     LUT2:I0->O            1   0.097   0.000  Madd_regA[7]_regB[7]_add_3_OUT_lut<0> (Madd_regA[7]_regB[7]_add_3_OUT_lut<0>)
     MUXCY:S->O            1   0.353   0.000  Madd_regA[7]_regB[7]_add_3_OUT_cy<0> (Madd_regA[7]_regB[7]_add_3_OUT_cy<0>)
     MUXCY:CI->O           1   0.023   0.000  Madd_regA[7]_regB[7]_add_3_OUT_cy<1> (Madd_regA[7]_regB[7]_add_3_OUT_cy<1>)
     MUXCY:CI->O           1   0.023   0.000  Madd_regA[7]_regB[7]_add_3_OUT_cy<2> (Madd_regA[7]_regB[7]_add_3_OUT_cy<2>)
     MUXCY:CI->O           1   0.023   0.000  Madd_regA[7]_regB[7]_add_3_OUT_cy<3> (Madd_regA[7]_regB[7]_add_3_OUT_cy<3>)
     XORCY:CI->O           1   0.370   0.683  Madd_regA[7]_regB[7]_add_3_OUT_xor<4> (regA[7]_regB[7]_add_3_OUT<4>)
     LUT5:I0->O            1   0.097   0.000  Mmux_to_reg[7]_GND_1_o_mux_6_OUT51 (to_reg[7]_GND_1_o_mux_6_OUT<4>)
     FDE:D                     0.008          to_reg_4
    ----------------------------------------
    Total                      2.058ns (0.995ns logic, 1.063ns route)
                                       (48.4% logic, 51.6% route)

=========================================================================
Timing constraint: Default OFFSET OUT AFTER for Clock 'clk'
  Total number of paths / destination ports: 8 / 8
-------------------------------------------------------------------------
Offset:              0.640ns (Levels of Logic = 1)
  Source:            to_reg_7 (FF)
  Destination:       to_reg<7> (PAD)
  Source Clock:      clk rising

  Data Path: to_reg_7 to to_reg<7>
                                Gate     Net
    Cell:in->out      fanout   Delay   Delay  Logical Name (Net Name)
    ----------------------------------------  ------------
     FDE:C->Q              1   0.361   0.279  to_reg_7 (to_reg_7)
     OBUF:I->O                 0.000          to_reg_7_OBUF (to_reg<7>)
    ----------------------------------------
    Total                      0.640ns (0.361ns logic, 0.279ns route)
                                       (56.4% logic, 43.6% route)

=========================================================================

Cross Clock Domains Report:
--------------------------

=========================================================================


Total REAL time to Xst completion: 69.00 secs
Total CPU time to Xst completion: 57.31 secs
 
--> 


Total memory usage is 509760 kilobytes

Number of errors   :    0 (   0 filtered)
Number of warnings :    1 (   0 filtered)
Number of infos    :    0 (   0 filtered)

