Release 14.7 - xst P.20131013 (lin64)
Copyright (c) 1995-2013 Xilinx, Inc.  All rights reserved.
--> 

TABLE OF CONTENTS
  1) Synthesis Options Summary
  2) HDL Parsing
  3) HDL Elaboration
  4) HDL Synthesis
       4.1) HDL Synthesis Report
  5) Advanced HDL Synthesis
       5.1) Advanced HDL Synthesis Report
  6) Low Level Synthesis
  7) Partition Report
  8) Design Summary
       8.1) Primitive and Black Box Usage
       8.2) Device utilization summary
       8.3) Partition Resource Summary
       8.4) Timing Report
            8.4.1) Clock Information
            8.4.2) Asynchronous Control Signals Information
            8.4.3) Timing Summary
            8.4.4) Timing Details
            8.4.5) Cross Clock Domains Report


=========================================================================
*                      Synthesis Options Summary                        *
=========================================================================
---- Source Parameters
Input File Name                    : "project.src"
Input Format                       : mixed

---- Target Parameters
Target Device                      : xc7a100t-3csg324
Output File Name                   : "project.ngc"
Output Format                      : NGC

---- Source Options
Top Module Name                    : mux_ALU

---- General Options
Optimization Goal                  : Area
Optimization Effort                : 1
RTL Output                         : yes

=========================================================================


=========================================================================
*                          HDL Parsing                                  *
=========================================================================
Analyzing Verilog file "/home/sebas/Documentos/git_workspace/Proto_Procesador/mux_ALU/mux_ALU.v" into library work
Parsing module <mux_ALU>.

=========================================================================
*                            HDL Elaboration                            *
=========================================================================

Elaborating module <mux_ALU>.

=========================================================================
*                           HDL Synthesis                               *
=========================================================================

Synthesizing Unit <mux_ALU>.
    Related source file is "/home/sebas/Documentos/git_workspace/Proto_Procesador/mux_ALU/mux_ALU.v".
    Found 4-bit 8-to-1 multiplexer for signal <final_result> created at line 14.
    Summary:
	inferred   1 Multiplexer(s).
Unit <mux_ALU> synthesized.

=========================================================================
HDL Synthesis Report

Macro Statistics
# Multiplexers                                         : 1
 4-bit 8-to-1 multiplexer                              : 1

=========================================================================

=========================================================================
*                       Advanced HDL Synthesis                          *
=========================================================================


=========================================================================
Advanced HDL Synthesis Report

Macro Statistics
# Multiplexers                                         : 1
 4-bit 8-to-1 multiplexer                              : 1

=========================================================================

=========================================================================
*                         Low Level Synthesis                           *
=========================================================================

Optimizing unit <mux_ALU> ...

Mapping all equations...
Building and optimizing final netlist ...
Found area constraint ratio of 100 (+ 0) on block mux_ALU, actual ratio is 0.

Final Macro Processing ...

=========================================================================
Final Register Report

Found no macro
=========================================================================

=========================================================================
*                           Partition Report                            *
=========================================================================

Partition Implementation Status
-------------------------------

  No Partitions were found in this design.

-------------------------------

=========================================================================
*                            Design Summary                             *
=========================================================================

Top Level Output File Name         : project.ngc

Primitive and Black Box Usage:
------------------------------
# BELS                             : 12
#      LUT3                        : 2
#      LUT5                        : 4
#      LUT6                        : 4
#      MUXF7                       : 2
# IO Buffers                       : 35
#      IBUF                        : 31
#      OBUF                        : 4

Device utilization summary:
---------------------------

Selected Device : 7a100tcsg324-3 


Slice Logic Utilization: 
 Number of Slice LUTs:                   10  out of  63400     0%  
    Number used as Logic:                10  out of  63400     0%  

Slice Logic Distribution: 
 Number of LUT Flip Flop pairs used:     10
   Number with an unused Flip Flop:      10  out of     10   100%  
   Number with an unused LUT:             0  out of     10     0%  
   Number of fully used LUT-FF pairs:     0  out of     10     0%  
   Number of unique control sets:         0

IO Utilization: 
 Number of IOs:                          35
 Number of bonded IOBs:                  35  out of    210    16%  

Specific Feature Utilization:

---------------------------
Partition Resource Summary:
---------------------------

  No Partitions were found in this design.

---------------------------


=========================================================================
Timing Report

NOTE: THESE TIMING NUMBERS ARE ONLY A SYNTHESIS ESTIMATE.
      FOR ACCURATE TIMING INFORMATION PLEASE REFER TO THE TRACE REPORT
      GENERATED AFTER PLACE-and-ROUTE.

Clock Information:
------------------
No clock signals found in this design

Asynchronous Control Signals Information:
----------------------------------------
No asynchronous control signals found in this design

Timing Summary:
---------------
Speed Grade: -3

   Minimum period: No path found
   Minimum input arrival time before clock: No path found
   Maximum output required time after clock: No path found
   Maximum combinational path delay: 1.569ns

Timing Details:
---------------
All values displayed in nanoseconds (ns)

=========================================================================
Timing constraint: Default path analysis
  Total number of paths / destination ports: 48 / 4
-------------------------------------------------------------------------
Delay:               1.569ns (Levels of Logic = 4)
  Source:            opcode<1> (PAD)
  Destination:       final_result<3> (PAD)

  Data Path: opcode<1> to final_result<3>
                                Gate     Net
    Cell:in->out      fanout   Delay   Delay  Logical Name (Net Name)
    ----------------------------------------  ------------
     IBUF:I->O             8   0.001   0.715  opcode_1_IBUF (opcode_1_IBUF)
     LUT5:I0->O            1   0.097   0.379  Mmux_final_result32 (Mmux_final_result31)
     LUT3:I1->O            1   0.097   0.279  Mmux_final_result33 (final_result_2_OBUF)
     OBUF:I->O                 0.000          final_result_2_OBUF (final_result<2>)
    ----------------------------------------
    Total                      1.569ns (0.195ns logic, 1.374ns route)
                                       (12.4% logic, 87.6% route)

=========================================================================

Cross Clock Domains Report:
--------------------------

=========================================================================


Total REAL time to Xst completion: 61.00 secs
Total CPU time to Xst completion: 55.42 secs
 
--> 


Total memory usage is 501368 kilobytes

Number of errors   :    0 (   0 filtered)
Number of warnings :    0 (   0 filtered)
Number of infos    :    0 (   0 filtered)

