Release 14.7 - xst P.20131013 (lin64)
Copyright (c) 1995-2013 Xilinx, Inc.  All rights reserved.
--> 

TABLE OF CONTENTS
  1) Synthesis Options Summary
  2) HDL Parsing
  3) HDL Elaboration
  4) HDL Synthesis
       4.1) HDL Synthesis Report
  5) Advanced HDL Synthesis
       5.1) Advanced HDL Synthesis Report
  6) Low Level Synthesis
  7) Partition Report
  8) Design Summary
       8.1) Primitive and Black Box Usage
       8.2) Device utilization summary
       8.3) Partition Resource Summary
       8.4) Timing Report
            8.4.1) Clock Information
            8.4.2) Asynchronous Control Signals Information
            8.4.3) Timing Summary
            8.4.4) Timing Details
            8.4.5) Cross Clock Domains Report


=========================================================================
*                      Synthesis Options Summary                        *
=========================================================================
---- Source Parameters
Input File Name                    : "project.src"
Input Format                       : mixed

---- Target Parameters
Target Device                      : xc7a100t-3csg324
Output File Name                   : "project.ngc"
Output Format                      : NGC

---- Source Options
Top Module Name                    : load

---- General Options
Optimization Goal                  : Area
Optimization Effort                : 1
RTL Output                         : yes

=========================================================================


=========================================================================
*                          HDL Parsing                                  *
=========================================================================
Analyzing Verilog file "/home/sebas/Documentos/git_workspace/Proto_Procesador/load/load.v" into library work
Parsing module <load>.

=========================================================================
*                            HDL Elaboration                            *
=========================================================================

Elaborating module <load>.

=========================================================================
*                           HDL Synthesis                               *
=========================================================================

Synthesizing Unit <load>.
    Related source file is "/home/sebas/Documentos/git_workspace/Proto_Procesador/load/load.v".
        input_size = 8
WARNING:Xst:647 - Input <datos<4:7>> is never used. This port will be preserved and left unconnected if it belongs to a top-level block or it belongs to a sub-block and the hierarchy of this sub-block is preserved.
WARNING:Xst:737 - Found 1-bit latch for signal <dato_out<1>>. Latches may be generated from incomplete case or if statements. We do not recommend the use of latches in FPGA/CPLD designs, as they may lead to timing problems.
WARNING:Xst:737 - Found 1-bit latch for signal <dato_out<2>>. Latches may be generated from incomplete case or if statements. We do not recommend the use of latches in FPGA/CPLD designs, as they may lead to timing problems.
WARNING:Xst:737 - Found 1-bit latch for signal <dato_out<3>>. Latches may be generated from incomplete case or if statements. We do not recommend the use of latches in FPGA/CPLD designs, as they may lead to timing problems.
WARNING:Xst:737 - Found 1-bit latch for signal <dato_out<0>>. Latches may be generated from incomplete case or if statements. We do not recommend the use of latches in FPGA/CPLD designs, as they may lead to timing problems.
    Summary:
	inferred   4 Latch(s).
Unit <load> synthesized.

=========================================================================
HDL Synthesis Report

Macro Statistics
# Latches                                              : 4
 1-bit latch                                           : 4

=========================================================================

=========================================================================
*                       Advanced HDL Synthesis                          *
=========================================================================


=========================================================================
Advanced HDL Synthesis Report

Found no macro
=========================================================================

=========================================================================
*                         Low Level Synthesis                           *
=========================================================================

Optimizing unit <load> ...

Mapping all equations...
Building and optimizing final netlist ...
Found area constraint ratio of 100 (+ 0) on block load, actual ratio is 0.

Final Macro Processing ...

=========================================================================
Final Register Report

Found no macro
=========================================================================

=========================================================================
*                           Partition Report                            *
=========================================================================

Partition Implementation Status
-------------------------------

  No Partitions were found in this design.

-------------------------------

=========================================================================
*                            Design Summary                             *
=========================================================================

Top Level Output File Name         : project.ngc

Primitive and Black Box Usage:
------------------------------
# BELS                             : 1
#      INV                         : 1
# FlipFlops/Latches                : 4
#      LD                          : 4
# Clock Buffers                    : 1
#      BUFG                        : 1
# IO Buffers                       : 10
#      IBUF                        : 5
#      OBUF                        : 5

Device utilization summary:
---------------------------

Selected Device : 7a100tcsg324-3 


Slice Logic Utilization: 
 Number of Slice LUTs:                    1  out of  63400     0%  
    Number used as Logic:                 1  out of  63400     0%  

Slice Logic Distribution: 
 Number of LUT Flip Flop pairs used:      1
   Number with an unused Flip Flop:       1  out of      1   100%  
   Number with an unused LUT:             0  out of      1     0%  
   Number of fully used LUT-FF pairs:     0  out of      1     0%  
   Number of unique control sets:         1

IO Utilization: 
 Number of IOs:                          14
 Number of bonded IOBs:                  10  out of    210     4%  
    IOB Flip Flops/Latches:               4

Specific Feature Utilization:
 Number of BUFG/BUFGCTRLs:                1  out of     32     3%  

---------------------------
Partition Resource Summary:
---------------------------

  No Partitions were found in this design.

---------------------------


=========================================================================
Timing Report

NOTE: THESE TIMING NUMBERS ARE ONLY A SYNTHESIS ESTIMATE.
      FOR ACCURATE TIMING INFORMATION PLEASE REFER TO THE TRACE REPORT
      GENERATED AFTER PLACE-and-ROUTE.

Clock Information:
------------------
-----------------------------------+------------------------+-------+
Clock Signal                       | Clock buffer(FF name)  | Load  |
-----------------------------------+------------------------+-------+
enable                             | IBUF+BUFG              | 4     |
-----------------------------------+------------------------+-------+

Asynchronous Control Signals Information:
----------------------------------------
No asynchronous control signals found in this design

Timing Summary:
---------------
Speed Grade: -3

   Minimum period: No path found
   Minimum input arrival time before clock: 0.280ns
   Maximum output required time after clock: 0.751ns
   Maximum combinational path delay: 0.673ns

Timing Details:
---------------
All values displayed in nanoseconds (ns)

=========================================================================
Timing constraint: Default OFFSET IN BEFORE for Clock 'enable'
  Total number of paths / destination ports: 4 / 4
-------------------------------------------------------------------------
Offset:              0.280ns (Levels of Logic = 1)
  Source:            datos<1> (PAD)
  Destination:       dato_out_1 (LATCH)
  Destination Clock: enable falling

  Data Path: datos<1> to dato_out_1
                                Gate     Net
    Cell:in->out      fanout   Delay   Delay  Logical Name (Net Name)
    ----------------------------------------  ------------
     IBUF:I->O             1   0.001   0.279  datos_1_IBUF (datos_1_IBUF)
     LD:D                     -0.028          dato_out_1
    ----------------------------------------
    Total                      0.280ns (0.001ns logic, 0.279ns route)
                                       (0.4% logic, 99.6% route)

=========================================================================
Timing constraint: Default OFFSET OUT AFTER for Clock 'enable'
  Total number of paths / destination ports: 4 / 4
-------------------------------------------------------------------------
Offset:              0.751ns (Levels of Logic = 1)
  Source:            dato_out_0 (LATCH)
  Destination:       dato_out<0> (PAD)
  Source Clock:      enable falling

  Data Path: dato_out_0 to dato_out<0>
                                Gate     Net
    Cell:in->out      fanout   Delay   Delay  Logical Name (Net Name)
    ----------------------------------------  ------------
     LD:G->Q               1   0.472   0.279  dato_out_0 (dato_out_0)
     OBUF:I->O                 0.000          dato_out_0_OBUF (dato_out<0>)
    ----------------------------------------
    Total                      0.751ns (0.472ns logic, 0.279ns route)
                                       (62.8% logic, 37.2% route)

=========================================================================
Timing constraint: Default path analysis
  Total number of paths / destination ports: 1 / 1
-------------------------------------------------------------------------
Delay:               0.673ns (Levels of Logic = 3)
  Source:            enable (PAD)
  Destination:       done (PAD)

  Data Path: enable to done
                                Gate     Net
    Cell:in->out      fanout   Delay   Delay  Logical Name (Net Name)
    ----------------------------------------  ------------
     IBUF:I->O             1   0.001   0.279  enable_IBUF (enable_IBUF)
     INV:I->O              1   0.113   0.279  done1_INV_0 (done_OBUF)
     OBUF:I->O                 0.000          done_OBUF (done)
    ----------------------------------------
    Total                      0.673ns (0.114ns logic, 0.559ns route)
                                       (16.9% logic, 83.1% route)

=========================================================================

Cross Clock Domains Report:
--------------------------

=========================================================================


Total REAL time to Xst completion: 64.00 secs
Total CPU time to Xst completion: 56.22 secs
 
--> 


Total memory usage is 501336 kilobytes

Number of errors   :    0 (   0 filtered)
Number of warnings :    5 (   0 filtered)
Number of infos    :    0 (   0 filtered)

